<?xml version="1.0" encoding="UTF-8"?>
<testsuite name="ru.tests.AddContactToGroup" tests="3" skipped="1" failures="2" errors="0" timestamp="2017-03-21T20:58:11" hostname="User-Asus" time="72.601">
  <properties/>
  <testcase name="setUp" classname="ru.tests.AddContactToGroup" time="0.0">
    <failure message="org.openqa.selenium.WebDriverException: Failed to connect to binary FirefoxBinary(C:\Program Files (x86)\Mozilla Firefox\firefox.exe) on port 7055; process output follows: &#10;isible&quot;:true,&quot;active&quot;:true,&quot;userDisabled&quot;:false,&quot;appDisabled&quot;:false,&quot;descriptor&quot;:&quot;C:\\Program Files (x86)\\Mozilla Firefox\\browser\\extensions\\{972ce4c6-7e08-4474-a285-3208198ce6fd}.xpi&quot;,&quot;installDate&quot;:1488495197953,&quot;updateDate&quot;:1488495197953,&quot;applyBackgroundUpdates&quot;:1,&quot;skinnable&quot;:true,&quot;size&quot;:19581,&quot;sourceURI&quot;:null,&quot;releaseNotesURI&quot;:null,&quot;softDisabled&quot;:false,&quot;foreignInstall&quot;:false,&quot;hasBinaryComponents&quot;:false,&quot;strictCompatibility&quot;:true,&quot;locales&quot;:[],&quot;targetApplications&quot;:[{&quot;id&quot;:&quot;{ec8030f7-c20a-464f-9b0e-13a3a9e97384}&quot;,&quot;minVersion&quot;:&quot;52.0&quot;,&quot;maxVersion&quot;:&quot;52.0&quot;}],&quot;targetPlatforms&quot;:[],&quot;seen&quot;:true,&quot;dependencies&quot;:[],&quot;hasEmbeddedWebExtension&quot;:false}&#13;&#10;1490129921568&#9;addons.xpi&#9;DEBUG&#9;getModTime: Recursive scan of {972ce4c6-7e08-4474-a285-3208198ce6fd}&#13;&#10;1490129921572&#9;DeferredSave.extensions.json&#9;DEBUG&#9;Save changes&#13;&#10;1490129921572&#9;addons.xpi&#9;DEBUG&#9;Updating database with changes to installed add-ons&#13;&#10;1490129921572&#9;addons.xpi-utils&#9;DEBUG&#9;Updating add-on states&#13;&#10;1490129921573&#9;addons.xpi-utils&#9;DEBUG&#9;Writing add-ons list&#13;&#10;1490129921577&#9;addons.xpi&#9;DEBUG&#9;Registering manifest for C:\Program Files (x86)\Mozilla Firefox\browser\features\aushelper@mozilla.org.xpi&#13;&#10;1490129921577&#9;addons.xpi&#9;DEBUG&#9;Calling bootstrap method startup on aushelper@mozilla.org version 2.0&#13;&#10;1490129921579&#9;addons.xpi&#9;DEBUG&#9;Registering manifest for C:\Program Files (x86)\Mozilla Firefox\browser\features\e10srollout@mozilla.org.xpi&#13;&#10;1490129921580&#9;addons.xpi&#9;DEBUG&#9;Calling bootstrap method startup on e10srollout@mozilla.org version 1.9&#13;&#10;1490129921581&#9;addons.xpi&#9;DEBUG&#9;Registering manifest for C:\Program Files (x86)\Mozilla Firefox\browser\features\firefox@getpocket.com.xpi&#13;&#10;1490129921582&#9;addons.xpi&#9;DEBUG&#9;Calling bootstrap method startup on firefox@getpocket.com version 1.0.5&#13;&#10;1490129921583&#9;addons.xpi&#9;DEBUG&#9;Registering manifest for C:\Program Files (x86)\Mozilla Firefox\browser\features\webcompat@mozilla.org.xpi&#13;&#10;1490129921584&#9;addons.xpi&#9;DEBUG&#9;Calling bootstrap method startup on webcompat@mozilla.org version 1.0&#13;&#10;1490129921588&#9;addons.manager&#9;DEBUG&#9;Registering shutdown blocker for XPIProvider&#13;&#10;1490129921589&#9;addons.manager&#9;DEBUG&#9;Provider finished startup: XPIProvider&#13;&#10;1490129921591&#9;addons.manager&#9;DEBUG&#9;Starting provider: LightweightThemeManager&#13;&#10;1490129921591&#9;addons.manager&#9;DEBUG&#9;Registering shutdown blocker for LightweightThemeManager&#13;&#10;1490129921592&#9;addons.manager&#9;DEBUG&#9;Provider finished startup: LightweightThemeManager&#13;&#10;1490129921593&#9;addons.manager&#9;DEBUG&#9;Starting provider: GMPProvider&#13;&#10;1490129921605&#9;addons.manager&#9;DEBUG&#9;Registering shutdown blocker for GMPProvider&#13;&#10;1490129921606&#9;addons.manager&#9;DEBUG&#9;Provider finished startup: GMPProvider&#13;&#10;1490129921606&#9;addons.manager&#9;DEBUG&#9;Starting provider: PluginProvider&#13;&#10;1490129921607&#9;addons.manager&#9;DEBUG&#9;Registering shutdown blocker for PluginProvider&#13;&#10;1490129921607&#9;addons.manager&#9;DEBUG&#9;Provider finished startup: PluginProvider&#13;&#10;1490129921608&#9;addons.manager&#9;DEBUG&#9;Completed startup sequence&#13;&#10;1490129929050&#9;addons.manager&#9;DEBUG&#9;Starting provider: &lt;unnamed-provider&gt;&#13;&#10;1490129929050&#9;addons.manager&#9;DEBUG&#9;Registering shutdown blocker for &lt;unnamed-provider&gt;&#13;&#10;1490129929050&#9;addons.manager&#9;DEBUG&#9;Provider finished startup: &lt;unnamed-provider&gt;&#13;&#10;1490129932881&#9;DeferredSave.extensions.json&#9;DEBUG&#9;Write succeeded&#13;&#10;1490129932881&#9;addons.xpi-utils&#9;DEBUG&#9;XPI Database saved, setting schema version preference to 19&#13;&#10;1490129932881&#9;DeferredSave.extensions.json&#9;DEBUG&#9;Starting timer&#13;&#10;1490129932907&#9;DeferredSave.extensions.json&#9;DEBUG&#9;Starting write&#13;&#10;1490129932956&#9;addons.repository&#9;DEBUG&#9;No addons.json found.&#13;&#10;1490129932957&#9;DeferredSave.addons.json&#9;DEBUG&#9;Save changes&#13;&#10;1490129932961&#9;DeferredSave.addons.json&#9;DEBUG&#9;Starting timer&#13;&#10;1490129933455&#9;addons.manager&#9;DEBUG&#9;Starting provider: PreviousExperimentProvider&#13;&#10;1490129933455&#9;addons.manager&#9;DEBUG&#9;Registering shutdown blocker for PreviousExperimentProvider&#13;&#10;1490129933455&#9;addons.manager&#9;DEBUG&#9;Provider finished startup: PreviousExperimentProvider&#13;&#10;1490129933464&#9;DeferredSave.addons.json&#9;DEBUG&#9;Starting write&#13;&#10;1490129934019&#9;DeferredSave.extensions.json&#9;DEBUG&#9;Write succeeded&#13;&#10;1490129936071&#9;DeferredSave.addons.json&#9;DEBUG&#9;Write succeeded&#13;&#10;&#10;Build info: version: '2.53.1', revision: 'a36b8b1cd5757287168e54b817830adce9b0158d', time: '2016-06-30 19:26:09'&#10;System info: host: 'User-Asus', ip: '192.168.0.102', os.name: 'Windows 8.1', os.arch: 'amd64', os.version: '6.3', java.version: '1.8.0_121'&#10;Driver info: driver.version: FirefoxDriver" type="org.openqa.selenium.WebDriverException">org.openqa.selenium.WebDriverException: Failed to connect to binary FirefoxBinary(C:\Program Files (x86)\Mozilla Firefox\firefox.exe) on port 7055; process output follows: 
isible&quot;:true,&quot;active&quot;:true,&quot;userDisabled&quot;:false,&quot;appDisabled&quot;:false,&quot;descriptor&quot;:&quot;C:\\Program Files (x86)\\Mozilla Firefox\\browser\\extensions\\{972ce4c6-7e08-4474-a285-3208198ce6fd}.xpi&quot;,&quot;installDate&quot;:1488495197953,&quot;updateDate&quot;:1488495197953,&quot;applyBackgroundUpdates&quot;:1,&quot;skinnable&quot;:true,&quot;size&quot;:19581,&quot;sourceURI&quot;:null,&quot;releaseNotesURI&quot;:null,&quot;softDisabled&quot;:false,&quot;foreignInstall&quot;:false,&quot;hasBinaryComponents&quot;:false,&quot;strictCompatibility&quot;:true,&quot;locales&quot;:[],&quot;targetApplications&quot;:[{&quot;id&quot;:&quot;{ec8030f7-c20a-464f-9b0e-13a3a9e97384}&quot;,&quot;minVersion&quot;:&quot;52.0&quot;,&quot;maxVersion&quot;:&quot;52.0&quot;}],&quot;targetPlatforms&quot;:[],&quot;seen&quot;:true,&quot;dependencies&quot;:[],&quot;hasEmbeddedWebExtension&quot;:false}
1490129921568	addons.xpi	DEBUG	getModTime: Recursive scan of {972ce4c6-7e08-4474-a285-3208198ce6fd}
1490129921572	DeferredSave.extensions.json	DEBUG	Save changes
1490129921572	addons.xpi	DEBUG	Updating database with changes to installed add-ons
1490129921572	addons.xpi-utils	DEBUG	Updating add-on states
1490129921573	addons.xpi-utils	DEBUG	Writing add-ons list
1490129921577	addons.xpi	DEBUG	Registering manifest for C:\Program Files (x86)\Mozilla Firefox\browser\features\aushelper@mozilla.org.xpi
1490129921577	addons.xpi	DEBUG	Calling bootstrap method startup on aushelper@mozilla.org version 2.0
1490129921579	addons.xpi	DEBUG	Registering manifest for C:\Program Files (x86)\Mozilla Firefox\browser\features\e10srollout@mozilla.org.xpi
1490129921580	addons.xpi	DEBUG	Calling bootstrap method startup on e10srollout@mozilla.org version 1.9
1490129921581	addons.xpi	DEBUG	Registering manifest for C:\Program Files (x86)\Mozilla Firefox\browser\features\firefox@getpocket.com.xpi
1490129921582	addons.xpi	DEBUG	Calling bootstrap method startup on firefox@getpocket.com version 1.0.5
1490129921583	addons.xpi	DEBUG	Registering manifest for C:\Program Files (x86)\Mozilla Firefox\browser\features\webcompat@mozilla.org.xpi
1490129921584	addons.xpi	DEBUG	Calling bootstrap method startup on webcompat@mozilla.org version 1.0
1490129921588	addons.manager	DEBUG	Registering shutdown blocker for XPIProvider
1490129921589	addons.manager	DEBUG	Provider finished startup: XPIProvider
1490129921591	addons.manager	DEBUG	Starting provider: LightweightThemeManager
1490129921591	addons.manager	DEBUG	Registering shutdown blocker for LightweightThemeManager
1490129921592	addons.manager	DEBUG	Provider finished startup: LightweightThemeManager
1490129921593	addons.manager	DEBUG	Starting provider: GMPProvider
1490129921605	addons.manager	DEBUG	Registering shutdown blocker for GMPProvider
1490129921606	addons.manager	DEBUG	Provider finished startup: GMPProvider
1490129921606	addons.manager	DEBUG	Starting provider: PluginProvider
1490129921607	addons.manager	DEBUG	Registering shutdown blocker for PluginProvider
1490129921607	addons.manager	DEBUG	Provider finished startup: PluginProvider
1490129921608	addons.manager	DEBUG	Completed startup sequence
1490129929050	addons.manager	DEBUG	Starting provider: &lt;unnamed-provider&gt;
1490129929050	addons.manager	DEBUG	Registering shutdown blocker for &lt;unnamed-provider&gt;
1490129929050	addons.manager	DEBUG	Provider finished startup: &lt;unnamed-provider&gt;
1490129932881	DeferredSave.extensions.json	DEBUG	Write succeeded
1490129932881	addons.xpi-utils	DEBUG	XPI Database saved, setting schema version preference to 19
1490129932881	DeferredSave.extensions.json	DEBUG	Starting timer
1490129932907	DeferredSave.extensions.json	DEBUG	Starting write
1490129932956	addons.repository	DEBUG	No addons.json found.
1490129932957	DeferredSave.addons.json	DEBUG	Save changes
1490129932961	DeferredSave.addons.json	DEBUG	Starting timer
1490129933455	addons.manager	DEBUG	Starting provider: PreviousExperimentProvider
1490129933455	addons.manager	DEBUG	Registering shutdown blocker for PreviousExperimentProvider
1490129933455	addons.manager	DEBUG	Provider finished startup: PreviousExperimentProvider
1490129933464	DeferredSave.addons.json	DEBUG	Starting write
1490129934019	DeferredSave.extensions.json	DEBUG	Write succeeded
1490129936071	DeferredSave.addons.json	DEBUG	Write succeeded

Build info: version: '2.53.1', revision: 'a36b8b1cd5757287168e54b817830adce9b0158d', time: '2016-06-30 19:26:09'
System info: host: 'User-Asus', ip: '192.168.0.102', os.name: 'Windows 8.1', os.arch: 'amd64', os.version: '6.3', java.version: '1.8.0_121'
Driver info: driver.version: FirefoxDriver
	at org.openqa.selenium.firefox.internal.NewProfileExtensionConnection.start(NewProfileExtensionConnection.java:125)
	at org.openqa.selenium.firefox.FirefoxDriver.startClient(FirefoxDriver.java:271)
	at org.openqa.selenium.remote.RemoteWebDriver.&lt;init&gt;(RemoteWebDriver.java:119)
	at org.openqa.selenium.firefox.FirefoxDriver.&lt;init&gt;(FirefoxDriver.java:216)
	at org.openqa.selenium.firefox.FirefoxDriver.&lt;init&gt;(FirefoxDriver.java:211)
	at org.openqa.selenium.firefox.FirefoxDriver.&lt;init&gt;(FirefoxDriver.java:207)
	at org.openqa.selenium.firefox.FirefoxDriver.&lt;init&gt;(FirefoxDriver.java:120)
	at ru.appmanager.ApplicationManager.init(ApplicationManager.java:40)
	at ru.tests.TestBase.setUp(TestBase.java:33)
	at sun.reflect.NativeMethodAccessorImpl.invoke0(Native Method)
	at sun.reflect.NativeMethodAccessorImpl.invoke(NativeMethodAccessorImpl.java:62)
	at sun.reflect.DelegatingMethodAccessorImpl.invoke(DelegatingMethodAccessorImpl.java:43)
	at java.lang.reflect.Method.invoke(Method.java:498)
	at org.testng.internal.MethodInvocationHelper.invokeMethod(MethodInvocationHelper.java:104)
	at org.testng.internal.Invoker.invokeConfigurationMethod(Invoker.java:515)
	at org.testng.internal.Invoker.invokeConfigurations(Invoker.java:217)
	at org.testng.internal.Invoker.invokeConfigurations(Invoker.java:144)
	at org.testng.SuiteRunner.privateRun(SuiteRunner.java:326)
	at org.testng.SuiteRunner.run(SuiteRunner.java:289)
	at org.testng.SuiteRunnerWorker.runSuite(SuiteRunnerWorker.java:52)
	at org.testng.SuiteRunnerWorker.run(SuiteRunnerWorker.java:86)
	at org.testng.TestNG.runSuitesSequentially(TestNG.java:1293)
	at org.testng.TestNG.runSuitesLocally(TestNG.java:1218)
	at org.testng.TestNG.runSuites(TestNG.java:1133)
	at org.testng.TestNG.run(TestNG.java:1104)
	at org.gradle.api.internal.tasks.testing.testng.TestNGTestClassProcessor.runTests(TestNGTestClassProcessor.java:129)
	at org.gradle.api.internal.tasks.testing.testng.TestNGTestClassProcessor.stop(TestNGTestClassProcessor.java:88)
	at org.gradle.api.internal.tasks.testing.SuiteTestClassProcessor.stop(SuiteTestClassProcessor.java:61)
	at sun.reflect.NativeMethodAccessorImpl.invoke0(Native Method)
	at sun.reflect.NativeMethodAccessorImpl.invoke(NativeMethodAccessorImpl.java:62)
	at sun.reflect.DelegatingMethodAccessorImpl.invoke(DelegatingMethodAccessorImpl.java:43)
	at java.lang.reflect.Method.invoke(Method.java:498)
	at org.gradle.internal.dispatch.ReflectionDispatch.dispatch(ReflectionDispatch.java:35)
	at org.gradle.internal.dispatch.ReflectionDispatch.dispatch(ReflectionDispatch.java:24)
	at org.gradle.internal.dispatch.ContextClassLoaderDispatch.dispatch(ContextClassLoaderDispatch.java:32)
	at org.gradle.internal.dispatch.ProxyDispatchAdapter$DispatchingInvocationHandler.invoke(ProxyDispatchAdapter.java:93)
	at com.sun.proxy.$Proxy3.stop(Unknown Source)
	at org.gradle.api.internal.tasks.testing.worker.TestWorker.stop(TestWorker.java:120)
	at sun.reflect.NativeMethodAccessorImpl.invoke0(Native Method)
	at sun.reflect.NativeMethodAccessorImpl.invoke(NativeMethodAccessorImpl.java:62)
	at sun.reflect.DelegatingMethodAccessorImpl.invoke(DelegatingMethodAccessorImpl.java:43)
	at java.lang.reflect.Method.invoke(Method.java:498)
	at org.gradle.internal.dispatch.ReflectionDispatch.dispatch(ReflectionDispatch.java:35)
	at org.gradle.internal.dispatch.ReflectionDispatch.dispatch(ReflectionDispatch.java:24)
	at org.gradle.internal.remote.internal.hub.MessageHub$Handler.run(MessageHub.java:377)
	at org.gradle.internal.concurrent.ExecutorPolicy$CatchAndRecordFailures.onExecute(ExecutorPolicy.java:54)
	at org.gradle.internal.concurrent.StoppableExecutorImpl$1.run(StoppableExecutorImpl.java:40)
	at java.util.concurrent.ThreadPoolExecutor.runWorker(ThreadPoolExecutor.java:1142)
	at java.util.concurrent.ThreadPoolExecutor$Worker.run(ThreadPoolExecutor.java:617)
	at java.lang.Thread.run(Thread.java:745)
Caused by: org.openqa.selenium.firefox.NotConnectedException: Unable to connect to host 127.0.0.1 on port 7055 after 45000 ms. Firefox console output:
isible&quot;:true,&quot;active&quot;:true,&quot;userDisabled&quot;:false,&quot;appDisabled&quot;:false,&quot;descriptor&quot;:&quot;C:\\Program Files (x86)\\Mozilla Firefox\\browser\\extensions\\{972ce4c6-7e08-4474-a285-3208198ce6fd}.xpi&quot;,&quot;installDate&quot;:1488495197953,&quot;updateDate&quot;:1488495197953,&quot;applyBackgroundUpdates&quot;:1,&quot;skinnable&quot;:true,&quot;size&quot;:19581,&quot;sourceURI&quot;:null,&quot;releaseNotesURI&quot;:null,&quot;softDisabled&quot;:false,&quot;foreignInstall&quot;:false,&quot;hasBinaryComponents&quot;:false,&quot;strictCompatibility&quot;:true,&quot;locales&quot;:[],&quot;targetApplications&quot;:[{&quot;id&quot;:&quot;{ec8030f7-c20a-464f-9b0e-13a3a9e97384}&quot;,&quot;minVersion&quot;:&quot;52.0&quot;,&quot;maxVersion&quot;:&quot;52.0&quot;}],&quot;targetPlatforms&quot;:[],&quot;seen&quot;:true,&quot;dependencies&quot;:[],&quot;hasEmbeddedWebExtension&quot;:false}
1490129921568	addons.xpi	DEBUG	getModTime: Recursive scan of {972ce4c6-7e08-4474-a285-3208198ce6fd}
1490129921572	DeferredSave.extensions.json	DEBUG	Save changes
1490129921572	addons.xpi	DEBUG	Updating database with changes to installed add-ons
1490129921572	addons.xpi-utils	DEBUG	Updating add-on states
1490129921573	addons.xpi-utils	DEBUG	Writing add-ons list
1490129921577	addons.xpi	DEBUG	Registering manifest for C:\Program Files (x86)\Mozilla Firefox\browser\features\aushelper@mozilla.org.xpi
1490129921577	addons.xpi	DEBUG	Calling bootstrap method startup on aushelper@mozilla.org version 2.0
1490129921579	addons.xpi	DEBUG	Registering manifest for C:\Program Files (x86)\Mozilla Firefox\browser\features\e10srollout@mozilla.org.xpi
1490129921580	addons.xpi	DEBUG	Calling bootstrap method startup on e10srollout@mozilla.org version 1.9
1490129921581	addons.xpi	DEBUG	Registering manifest for C:\Program Files (x86)\Mozilla Firefox\browser\features\firefox@getpocket.com.xpi
1490129921582	addons.xpi	DEBUG	Calling bootstrap method startup on firefox@getpocket.com version 1.0.5
1490129921583	addons.xpi	DEBUG	Registering manifest for C:\Program Files (x86)\Mozilla Firefox\browser\features\webcompat@mozilla.org.xpi
1490129921584	addons.xpi	DEBUG	Calling bootstrap method startup on webcompat@mozilla.org version 1.0
1490129921588	addons.manager	DEBUG	Registering shutdown blocker for XPIProvider
1490129921589	addons.manager	DEBUG	Provider finished startup: XPIProvider
1490129921591	addons.manager	DEBUG	Starting provider: LightweightThemeManager
1490129921591	addons.manager	DEBUG	Registering shutdown blocker for LightweightThemeManager
1490129921592	addons.manager	DEBUG	Provider finished startup: LightweightThemeManager
1490129921593	addons.manager	DEBUG	Starting provider: GMPProvider
1490129921605	addons.manager	DEBUG	Registering shutdown blocker for GMPProvider
1490129921606	addons.manager	DEBUG	Provider finished startup: GMPProvider
1490129921606	addons.manager	DEBUG	Starting provider: PluginProvider
1490129921607	addons.manager	DEBUG	Registering shutdown blocker for PluginProvider
1490129921607	addons.manager	DEBUG	Provider finished startup: PluginProvider
1490129921608	addons.manager	DEBUG	Completed startup sequence
1490129929050	addons.manager	DEBUG	Starting provider: &lt;unnamed-provider&gt;
1490129929050	addons.manager	DEBUG	Registering shutdown blocker for &lt;unnamed-provider&gt;
1490129929050	addons.manager	DEBUG	Provider finished startup: &lt;unnamed-provider&gt;
1490129932881	DeferredSave.extensions.json	DEBUG	Write succeeded
1490129932881	addons.xpi-utils	DEBUG	XPI Database saved, setting schema version preference to 19
1490129932881	DeferredSave.extensions.json	DEBUG	Starting timer
1490129932907	DeferredSave.extensions.json	DEBUG	Starting write
1490129932956	addons.repository	DEBUG	No addons.json found.
1490129932957	DeferredSave.addons.json	DEBUG	Save changes
1490129932961	DeferredSave.addons.json	DEBUG	Starting timer
1490129933455	addons.manager	DEBUG	Starting provider: PreviousExperimentProvider
1490129933455	addons.manager	DEBUG	Registering shutdown blocker for PreviousExperimentProvider
1490129933455	addons.manager	DEBUG	Provider finished startup: PreviousExperimentProvider
1490129933464	DeferredSave.addons.json	DEBUG	Starting write
1490129934019	DeferredSave.extensions.json	DEBUG	Write succeeded
1490129936071	DeferredSave.addons.json	DEBUG	Write succeeded

	at org.openqa.selenium.firefox.internal.NewProfileExtensionConnection.start(NewProfileExtensionConnection.java:113)
	... 49 more
</failure>
  </testcase>
  <testcase name="testContactAddingToGroup" classname="ru.tests.AddContactToGroup" time="0.01">
    <skipped/>
  </testcase>
  <testcase name="tearDown" classname="ru.tests.AddContactToGroup" time="0.0">
    <failure message="java.lang.NullPointerException" type="java.lang.NullPointerException">java.lang.NullPointerException
	at ru.appmanager.ApplicationManager.stop(ApplicationManager.java:59)
	at ru.tests.TestBase.tearDown(TestBase.java:39)
	at sun.reflect.NativeMethodAccessorImpl.invoke0(Native Method)
	at sun.reflect.NativeMethodAccessorImpl.invoke(NativeMethodAccessorImpl.java:62)
	at sun.reflect.DelegatingMethodAccessorImpl.invoke(DelegatingMethodAccessorImpl.java:43)
	at java.lang.reflect.Method.invoke(Method.java:498)
	at org.testng.internal.MethodInvocationHelper.invokeMethod(MethodInvocationHelper.java:104)
	at org.testng.internal.Invoker.invokeConfigurationMethod(Invoker.java:515)
	at org.testng.internal.Invoker.invokeConfigurations(Invoker.java:217)
	at org.testng.internal.Invoker.invokeConfigurations(Invoker.java:144)
	at org.testng.SuiteRunner.privateRun(SuiteRunner.java:357)
	at org.testng.SuiteRunner.run(SuiteRunner.java:289)
	at org.testng.SuiteRunnerWorker.runSuite(SuiteRunnerWorker.java:52)
	at org.testng.SuiteRunnerWorker.run(SuiteRunnerWorker.java:86)
	at org.testng.TestNG.runSuitesSequentially(TestNG.java:1293)
	at org.testng.TestNG.runSuitesLocally(TestNG.java:1218)
	at org.testng.TestNG.runSuites(TestNG.java:1133)
	at org.testng.TestNG.run(TestNG.java:1104)
	at org.gradle.api.internal.tasks.testing.testng.TestNGTestClassProcessor.runTests(TestNGTestClassProcessor.java:129)
	at org.gradle.api.internal.tasks.testing.testng.TestNGTestClassProcessor.stop(TestNGTestClassProcessor.java:88)
	at org.gradle.api.internal.tasks.testing.SuiteTestClassProcessor.stop(SuiteTestClassProcessor.java:61)
	at sun.reflect.NativeMethodAccessorImpl.invoke0(Native Method)
	at sun.reflect.NativeMethodAccessorImpl.invoke(NativeMethodAccessorImpl.java:62)
	at sun.reflect.DelegatingMethodAccessorImpl.invoke(DelegatingMethodAccessorImpl.java:43)
	at java.lang.reflect.Method.invoke(Method.java:498)
	at org.gradle.internal.dispatch.ReflectionDispatch.dispatch(ReflectionDispatch.java:35)
	at org.gradle.internal.dispatch.ReflectionDispatch.dispatch(ReflectionDispatch.java:24)
	at org.gradle.internal.dispatch.ContextClassLoaderDispatch.dispatch(ContextClassLoaderDispatch.java:32)
	at org.gradle.internal.dispatch.ProxyDispatchAdapter$DispatchingInvocationHandler.invoke(ProxyDispatchAdapter.java:93)
	at com.sun.proxy.$Proxy3.stop(Unknown Source)
	at org.gradle.api.internal.tasks.testing.worker.TestWorker.stop(TestWorker.java:120)
	at sun.reflect.NativeMethodAccessorImpl.invoke0(Native Method)
	at sun.reflect.NativeMethodAccessorImpl.invoke(NativeMethodAccessorImpl.java:62)
	at sun.reflect.DelegatingMethodAccessorImpl.invoke(DelegatingMethodAccessorImpl.java:43)
	at java.lang.reflect.Method.invoke(Method.java:498)
	at org.gradle.internal.dispatch.ReflectionDispatch.dispatch(ReflectionDispatch.java:35)
	at org.gradle.internal.dispatch.ReflectionDispatch.dispatch(ReflectionDispatch.java:24)
	at org.gradle.internal.remote.internal.hub.MessageHub$Handler.run(MessageHub.java:377)
	at org.gradle.internal.concurrent.ExecutorPolicy$CatchAndRecordFailures.onExecute(ExecutorPolicy.java:54)
	at org.gradle.internal.concurrent.StoppableExecutorImpl$1.run(StoppableExecutorImpl.java:40)
	at java.util.concurrent.ThreadPoolExecutor.runWorker(ThreadPoolExecutor.java:1142)
	at java.util.concurrent.ThreadPoolExecutor$Worker.run(ThreadPoolExecutor.java:617)
	at java.lang.Thread.run(Thread.java:745)
</failure>
  </testcase>
  <system-out><![CDATA[]]></system-out>
  <system-err><![CDATA[]]></system-err>
</testsuite>
