<?xml version="1.0" encoding="UTF-8" standalone="yes"?>
<ns2:test-suite xmlns:ns2="urn:model.allure.qatools.yandex.ru" start="1490527971459" stop="1490528011349">
    <name>Suite1</name>
    <test-cases>
        <test-case start="1490527972342" stop="1490527980270" status="passed">
            <name>testContactCreation[ContactData{id=0, firstname='Р•РєР°С‚РµСЂРёРЅР° 0', middlename='РђР»РµРєСЃР°РЅРґСЂРѕРІРЅР° 0', lastname='РўСѓР¶РёР»РєРёРЅР° 0', company='home 0', address='РҐСЂСѓСЃС‚Р°Р»РµРІР° 97, 61 0', group='[none]', homePhone='32 11 58 0', mobilePhone='+7 978 740 74 21 0', workPhone='+12345 0', allPhones='', email='tuz.kat@gmail.com 0', email2='t.k@gmail.com 0', email3='t.k@otr.ru 0', allEmails=''}]</name>
            <steps/>
            <attachments/>
            <labels/>
        </test-case>
        <test-case start="1490527980556" stop="1490527985855" status="passed">
            <name>testContactCreation[ContactData{id=0, firstname='Р•РєР°С‚РµСЂРёРЅР° 1', middlename='РђР»РµРєСЃР°РЅРґСЂРѕРІРЅР° 1', lastname='РўСѓР¶РёР»РєРёРЅР° 1', company='home 1', address='РҐСЂСѓСЃС‚Р°Р»РµРІР° 97, 61 1', group='[none]', homePhone='32 11 58 1', mobilePhone='+7 978 740 74 21 1', workPhone='+12345 1', allPhones='', email='tuz.kat@gmail.com 1', email2='t.k@gmail.com 1', email3='t.k@otr.ru 1', allEmails=''}]</name>
            <steps/>
            <attachments/>
            <labels/>
        </test-case>
        <test-case start="1490527985865" stop="1490527990602" status="passed">
            <name>testContactCreation[ContactData{id=0, firstname='Р•РєР°С‚РµСЂРёРЅР° 2', middlename='РђР»РµРєСЃР°РЅРґСЂРѕРІРЅР° 2', lastname='РўСѓР¶РёР»РєРёРЅР° 2', company='home 2', address='РҐСЂСѓСЃС‚Р°Р»РµРІР° 97, 61 2', group='[none]', homePhone='32 11 58 2', mobilePhone='+7 978 740 74 21 2', workPhone='+12345 2', allPhones='', email='tuz.kat@gmail.com 2', email2='t.k@gmail.com 2', email3='t.k@otr.ru 2', allEmails=''}]</name>
            <steps/>
            <attachments/>
            <labels/>
        </test-case>
        <test-case start="1490527990652" stop="1490528005029" status="passed">
            <name>testContactModification</name>
            <steps/>
            <attachments/>
            <labels/>
        </test-case>
        <test-case start="1490528005056" stop="1490528005891" status="passed">
            <name>testContactDeletion</name>
            <steps/>
            <attachments/>
            <labels/>
        </test-case>
        <test-case start="1490528005931" stop="1490528011340" status="failed">
            <name>testContactData</name>
            <failure>
                <message>AssertionError: 
Expected: "Nikita2Baliassniy2homeХрусталеваH:+79787397913M:324W:5555nikita.baliassniy@gmail.com53465@mail.ru9786@mail.ru"
     but: was "Nikita2ValerievichBaliassniy2homeХрусталеваH:+79787397913M:324W:5555nikita.baliassniy@gmail.com53465@mail.ru9786@mail.ru"</message>
                <stack-trace>java.lang.AssertionError: 
Expected: "Nikita2Baliassniy2homeХрусталеваH:+79787397913M:324W:5555nikita.baliassniy@gmail.com53465@mail.ru9786@mail.ru"
     but: was "Nikita2ValerievichBaliassniy2homeХрусталеваH:+79787397913M:324W:5555nikita.baliassniy@gmail.com53465@mail.ru9786@mail.ru"
	at org.hamcrest.MatcherAssert.assertThat(MatcherAssert.java:18)
	at org.hamcrest.MatcherAssert.assertThat(MatcherAssert.java:6)
	at ru.tests.ContactDataTests.testContactData(ContactDataTests.java:38)
	at sun.reflect.NativeMethodAccessorImpl.invoke0(Native Method)
	at sun.reflect.NativeMethodAccessorImpl.invoke(NativeMethodAccessorImpl.java:62)
	at sun.reflect.DelegatingMethodAccessorImpl.invoke(DelegatingMethodAccessorImpl.java:43)
	at java.lang.reflect.Method.invoke(Method.java:498)
	at org.testng.internal.MethodInvocationHelper.invokeMethod(MethodInvocationHelper.java:104)
	at org.testng.internal.Invoker.invokeMethod(Invoker.java:645)
	at org.testng.internal.Invoker.invokeTestMethod(Invoker.java:851)
	at org.testng.internal.Invoker.invokeTestMethods(Invoker.java:1177)
	at org.testng.internal.TestMethodWorker.invokeTestMethods(TestMethodWorker.java:129)
	at org.testng.internal.TestMethodWorker.run(TestMethodWorker.java:112)
	at org.testng.TestRunner.privateRun(TestRunner.java:756)
	at org.testng.TestRunner.run(TestRunner.java:610)
	at org.testng.SuiteRunner.runTest(SuiteRunner.java:387)
	at org.testng.SuiteRunner.runSequentially(SuiteRunner.java:382)
	at org.testng.SuiteRunner.privateRun(SuiteRunner.java:340)
	at org.testng.SuiteRunner.run(SuiteRunner.java:289)
	at org.testng.SuiteRunnerWorker.runSuite(SuiteRunnerWorker.java:52)
	at org.testng.SuiteRunnerWorker.run(SuiteRunnerWorker.java:86)
	at org.testng.TestNG.runSuitesSequentially(TestNG.java:1293)
	at org.testng.TestNG.runSuitesLocally(TestNG.java:1218)
	at org.testng.TestNG.runSuites(TestNG.java:1133)
	at org.testng.TestNG.run(TestNG.java:1104)
	at org.gradle.api.internal.tasks.testing.testng.TestNGTestClassProcessor.runTests(TestNGTestClassProcessor.java:129)
	at org.gradle.api.internal.tasks.testing.testng.TestNGTestClassProcessor.stop(TestNGTestClassProcessor.java:88)
	at org.gradle.api.internal.tasks.testing.SuiteTestClassProcessor.stop(SuiteTestClassProcessor.java:61)
	at sun.reflect.NativeMethodAccessorImpl.invoke0(Native Method)
	at sun.reflect.NativeMethodAccessorImpl.invoke(NativeMethodAccessorImpl.java:62)
	at sun.reflect.DelegatingMethodAccessorImpl.invoke(DelegatingMethodAccessorImpl.java:43)
	at java.lang.reflect.Method.invoke(Method.java:498)
	at org.gradle.internal.dispatch.ReflectionDispatch.dispatch(ReflectionDispatch.java:35)
	at org.gradle.internal.dispatch.ReflectionDispatch.dispatch(ReflectionDispatch.java:24)
	at org.gradle.internal.dispatch.ContextClassLoaderDispatch.dispatch(ContextClassLoaderDispatch.java:32)
	at org.gradle.internal.dispatch.ProxyDispatchAdapter$DispatchingInvocationHandler.invoke(ProxyDispatchAdapter.java:93)
	at com.sun.proxy.$Proxy3.stop(Unknown Source)
	at org.gradle.api.internal.tasks.testing.worker.TestWorker.stop(TestWorker.java:120)
	at sun.reflect.NativeMethodAccessorImpl.invoke0(Native Method)
	at sun.reflect.NativeMethodAccessorImpl.invoke(NativeMethodAccessorImpl.java:62)
	at sun.reflect.DelegatingMethodAccessorImpl.invoke(DelegatingMethodAccessorImpl.java:43)
	at java.lang.reflect.Method.invoke(Method.java:498)
	at org.gradle.internal.dispatch.ReflectionDispatch.dispatch(ReflectionDispatch.java:35)
	at org.gradle.internal.dispatch.ReflectionDispatch.dispatch(ReflectionDispatch.java:24)
	at org.gradle.internal.remote.internal.hub.MessageHub$Handler.run(MessageHub.java:377)
	at org.gradle.internal.concurrent.ExecutorPolicy$CatchAndRecordFailures.onExecute(ExecutorPolicy.java:54)
	at org.gradle.internal.concurrent.StoppableExecutorImpl$1.run(StoppableExecutorImpl.java:40)
	at java.util.concurrent.ThreadPoolExecutor.runWorker(ThreadPoolExecutor.java:1142)
	at java.util.concurrent.ThreadPoolExecutor$Worker.run(ThreadPoolExecutor.java:617)
	at java.lang.Thread.run(Thread.java:745)
</stack-trace>
            </failure>
            <steps/>
            <attachments>
                <attachment title="Page screenshot" source="c6b901d3bfb3f5a0b4afe8b184bf0e77ec825f18e4b3b5b593acdb213434f01f-attachment.png" type="image/png" size="82821"/>
            </attachments>
            <labels/>
        </test-case>
    </test-cases>
    <labels/>
</ns2:test-suite>
